{
  "RSpec": {
    "coverage": {
      "/home/ishan/Train/pull-it-together/app/models/project.rb": [
        1,
        1,
        1,
        1,
        1,
        1,
        1,
        1,
        1,
        1,
        1,
        null,
        1,
        1,
        1,
        1,
        null,
        null,
        1,
        113,
        null,
        1,
        79,
        79,
        76,
        76,
        74,
        74,
        null,
        null,
        null,
        null,
        null
      ],
      "/home/ishan/Train/pull-it-together/app/models/task.rb": [
        1,
        1,
        1,
        1,
        1,
        1,
        1,
        1,
        1,
        1,
        1,
        1,
        1,
        1,
        1,
        1,
        1,
        null,
        1,
        null,
        1,
        4,
        2,
        null,
        null,
        1,
        1,
        83,
        null,
        1,
        83,
        66,
        66,
        null,
        null,
        1,
        114,
        114,
        114,
        114,
        12,
        12,
        12,
        null,
        null,
        null,
        null,
        1,
        114,
        30,
        null,
        null,
        null
      ],
      "/home/ishan/Train/pull-it-together/app/models/task_observer.rb": [
        1,
        1,
        2,
        0,
        0,
        0,
        null,
        0,
        0,
        null,
        null,
        null,
        null,
        null,
        null,
        null,
        0,
        0,
        0,
        null,
        0,
        null,
        0,
        null,
        null,
        null,
        null,
        0,
        null,
        null,
        null,
        null,
        null,
        null,
        0,
        0,
        0,
        null,
        0,
        null,
        0,
        null,
        null,
        null,
        2,
        0,
        0,
        null,
        null,
        null,
        null,
        null,
        null,
        0,
        0,
        0,
        null,
        0,
        null,
        0,
        null,
        null,
        null,
        null,
        null,
        null,
        null,
        null,
        1,
        4,
        1,
        3,
        1,
        2,
        1,
        null,
        1,
        null,
        null,
        null
      ],
      "/home/ishan/Train/pull-it-together/app/models/comment_observer.rb": [
        1,
        1,
        9,
        9,
        null,
        null,
        null,
        null,
        null,
        null,
        9,
        0,
        0,
        null,
        0,
        null,
        0,
        null,
        null,
        null,
        null,
        null
      ],
      "/home/ishan/Train/pull-it-together/app/models/comment.rb": [
        1,
        1,
        1,
        null,
        1,
        1,
        null
      ],
      "/home/ishan/Train/pull-it-together/app/models/post_observer.rb": [
        1,
        null
      ],
      "/home/ishan/Train/pull-it-together/app/models/post.rb": [
        1,
        1,
        1,
        1,
        1,
        1,
        1,
        1,
        1,
        null,
        1,
        41,
        null,
        null
      ],
      "/home/ishan/Train/pull-it-together/app/models/user.rb": [
        1,
        null,
        null,
        1,
        1,
        1,
        null,
        null,
        1,
        1,
        1,
        1,
        1,
        1,
        1,
        null,
        1,
        null,
        1,
        205,
        null,
        1,
        null,
        1,
        null,
        null
      ],
      "/home/ishan/Train/pull-it-together/app/helpers/application_helper.rb": [
        1,
        1,
        0,
        0,
        0,
        0,
        null,
        null,
        0,
        null,
        0,
        null,
        1,
        4,
        1,
        3,
        1,
        2,
        1,
        null,
        1,
        null,
        null,
        1,
        0,
        0,
        null,
        0,
        null,
        0,
        null,
        0,
        0,
        null,
        0,
        null,
        1,
        2,
        null,
        1,
        null,
        1,
        null,
        null,
        null
      ],
      "/home/ishan/Train/pull-it-together/app/helpers/comments_helper.rb": [
        1,
        null
      ],
      "/home/ishan/Train/pull-it-together/app/helpers/home_helper.rb": [
        1,
        null
      ],
      "/home/ishan/Train/pull-it-together/app/helpers/labels_helper.rb": [
        1,
        null
      ],
      "/home/ishan/Train/pull-it-together/app/helpers/notifications_helper.rb": [
        1,
        null
      ],
      "/home/ishan/Train/pull-it-together/app/helpers/posts_helper.rb": [
        1,
        null
      ],
      "/home/ishan/Train/pull-it-together/app/helpers/project_users_helper.rb": [
        1,
        null
      ],
      "/home/ishan/Train/pull-it-together/app/helpers/projects_helper.rb": [
        1,
        null
      ],
      "/home/ishan/Train/pull-it-together/app/helpers/sub_tasks_helper.rb": [
        1,
        null
      ],
      "/home/ishan/Train/pull-it-together/app/helpers/task_comments_helper.rb": [
        1,
        null
      ],
      "/home/ishan/Train/pull-it-together/app/helpers/tasks_helper.rb": [
        1,
        null
      ],
      "/home/ishan/Train/pull-it-together/app/helpers/users_helper.rb": [
        1,
        null
      ],
      "/home/ishan/Train/pull-it-together/app/controllers/comments_controller.rb": [
        1,
        1,
        1,
        1,
        1,
        null,
        null,
        1,
        null,
        null,
        1,
        null,
        null,
        1,
        2,
        2,
        2,
        2,
        1,
        2,
        1,
        null,
        null,
        1,
        null,
        null,
        null,
        1,
        null,
        null,
        1,
        null,
        null,
        1,
        1,
        1,
        1,
        1,
        null,
        null,
        null,
        1,
        1,
        2,
        null,
        null
      ],
      "/home/ishan/Train/pull-it-together/app/controllers/application_controller.rb": [
        1,
        1,
        null,
        1,
        1,
        0,
        null,
        null,
        1,
        1,
        null,
        null,
        1,
        0,
        null,
        null
      ],
      "/home/ishan/Train/pull-it-together/app/controllers/follows_controller.rb": [
        1,
        1,
        1,
        1,
        null,
        1,
        1,
        1,
        1,
        null,
        1,
        1,
        1,
        1,
        null,
        1,
        1,
        1,
        1,
        null,
        1,
        1,
        1,
        1,
        null,
        null
      ],
      "/home/ishan/Train/pull-it-together/app/controllers/home_controller.rb": [
        1,
        1,
        2,
        1,
        null,
        null,
        null
      ],
      "/home/ishan/Train/pull-it-together/app/controllers/notifications_controller.rb": [
        1,
        1,
        1,
        0,
        0,
        null,
        null,
        1,
        0,
        0,
        0,
        null,
        null,
        0,
        null,
        null,
        null,
        0,
        null,
        0,
        0,
        null,
        null,
        null,
        1,
        1,
        0,
        null,
        null
      ],
      "/home/ishan/Train/pull-it-together/app/controllers/posts_controller.rb": [
        1,
        1,
        1,
        0,
        0,
        null,
        null,
        1,
        0,
        null,
        null,
        1,
        0,
        0,
        null,
        null,
        1,
        0,
        0,
        0,
        0,
        null,
        0,
        null,
        null,
        null,
        1,
        0,
        0,
        0,
        0,
        null,
        null,
        1,
        1,
        0,
        0,
        0,
        0,
        null,
        null,
        null
      ],
      "/home/ishan/Train/pull-it-together/app/controllers/project_users_controller.rb": [
        1,
        1,
        1,
        0,
        0,
        null,
        null,
        1,
        0,
        0,
        0,
        null,
        null,
        1,
        0,
        0,
        0,
        0,
        0,
        0,
        0,
        0,
        0,
        null,
        0,
        null,
        null,
        null
      ],
      "/home/ishan/Train/pull-it-together/app/controllers/projects_controller.rb": [
        1,
        1,
        1,
        0,
        null,
        null,
        1,
        0,
        0,
        null,
        null,
        1,
        0,
        0,
        0,
        null,
        null,
        1,
        0,
        0,
        0,
        0,
        0,
        null,
        0,
        null,
        null,
        null,
        1,
        0,
        null,
        null,
        1,
        0,
        0,
        0,
        null,
        0,
        null,
        null,
        null,
        1,
        0,
        0,
        0,
        null,
        null,
        null,
        1,
        1,
        0,
        0,
        0,
        0,
        0,
        0,
        null,
        null
      ],
      "/home/ishan/Train/pull-it-together/app/controllers/pusher_controller.rb": [
        1,
        1,
        null,
        1,
        1,
        1,
        0,
        null,
        0,
        null,
        null,
        null
      ],
      "/home/ishan/Train/pull-it-together/app/controllers/sub_tasks_controller.rb": [
        1,
        1,
        1,
        1,
        1,
        null,
        null,
        1,
        1,
        1,
        1,
        1,
        null,
        1,
        null,
        null,
        1,
        2,
        2,
        2,
        1,
        null,
        1,
        null,
        null,
        null,
        1,
        1,
        null,
        null,
        1,
        3,
        3,
        2,
        null,
        1,
        null,
        null,
        null,
        1,
        1,
        1,
        null,
        null,
        1,
        1,
        1,
        1,
        null,
        null,
        null,
        1,
        1,
        10,
        null,
        1,
        2,
        2,
        2,
        2,
        null,
        1,
        3,
        2,
        1,
        1,
        null,
        null,
        null,
        null
      ],
      "/home/ishan/Train/pull-it-together/app/controllers/task_comments_controller.rb": [
        1,
        1,
        1,
        0,
        0,
        null,
        null,
        1,
        0,
        0,
        0,
        0,
        0,
        0,
        0,
        null,
        null,
        0,
        null,
        null,
        null,
        1,
        0,
        0,
        0,
        0,
        null,
        null,
        null,
        1,
        1,
        0,
        null,
        null
      ],
      "/home/ishan/Train/pull-it-together/app/controllers/tasks_controller.rb": [
        1,
        1,
        1,
        1,
        1,
        null,
        null,
        1,
        1,
        1,
        null,
        null,
        1,
        1,
        1,
        null,
        null,
        1,
        2,
        2,
        2,
        1,
        null,
        1,
        null,
        null,
        null,
        1,
        1,
        null,
        null,
        1,
        1,
        1,
        1,
        null,
        null,
        null,
        1,
        1,
        1,
        1,
        null,
        null,
        null,
        1,
        1,
        7,
        null,
        1,
        2,
        2,
        2,
        2,
        null,
        1,
        1,
        null,
        null
      ],
      "/home/ishan/Train/pull-it-together/app/controllers/users_controller.rb": [
        1,
        1,
        1,
        1,
        null,
        1,
        1,
        1,
        null,
        null,
        1,
        1,
        1,
        null,
        null
      ],
      "/home/ishan/Train/pull-it-together/app/models/label.rb": [
        1,
        1,
        1,
        1,
        null
      ],
      "/home/ishan/Train/pull-it-together/app/models/notification.rb": [
        1,
        1,
        1,
        null
      ],
      "/home/ishan/Train/pull-it-together/app/models/project_user.rb": [
        1,
        1,
        1,
        null,
        1,
        null
      ],
      "/home/ishan/Train/pull-it-together/app/models/follow.rb": [
        1,
        null,
        1,
        1,
        null,
        null,
        1,
        1,
        null,
        null,
        null,
        null
      ]
    },
    "timestamp": 1476264221
  }
}
